<?xml version="1.0" encoding="UTF-8"?>
<!-- Generated by org.testng.reporters.JUnitXMLReporter -->
<testsuite ignored="0" hostname="DESKTOP-BBHK0OG" failures="0" tests="3" name="Default test" time="0.087" errors="0" timestamp="2025-04-17T19:13:32 IST">
  <testcase classname="TestNG_New.Time1" name="sample" time="0.015"/>
  <testcase classname="TestNG_New.Time1" name="shampoo" time="0.002"/>
  <testcase classname="TestNG_New.Time1" name="product" time="0.002"/>
</testsuite> <!-- Default test -->
