<?xml version="1.0" encoding="UTF-8"?>
<!-- Generated by org.testng.reporters.JUnitXMLReporter -->
<testsuite ignored="6" hostname="DESKTOP-BBHK0OG" failures="0" tests="3" name="groupingtests" time="0.089" errors="0" timestamp="2025-02-22T21:13:22 IST">
  <testcase classname="Dependency.Payment_test" name="rupees" time="0.013"/>
  <testcase classname="Dependency.Payment_test" name="dollar" time="0.005"/>
  <testcase classname="Dependency.Payment_test" name="eurons" time="0.003"/>
  <testcase classname="Dependency.Signup" name="signupbyemail" time="0.0">
    <ignored/>
  </testcase> <!-- signupbyemail -->
  <testcase classname="Dependency.Login_test" name="Loginbyfacebook" time="0.0">
    <ignored/>
  </testcase> <!-- Loginbyfacebook -->
  <testcase classname="Dependency.Signup" name="signupbytwitter" time="0.0">
    <ignored/>
  </testcase> <!-- signupbytwitter -->
  <testcase classname="Dependency.Login_test" name="Loginbytwitter" time="0.0">
    <ignored/>
  </testcase> <!-- Loginbytwitter -->
  <testcase classname="Dependency.Login_test" name="Loginbyemail" time="0.0">
    <ignored/>
  </testcase> <!-- Loginbyemail -->
  <testcase classname="Dependency.Signup" name="signupbyfacebook" time="0.0">
    <ignored/>
  </testcase> <!-- signupbyfacebook -->
</testsuite> <!-- groupingtests -->
