<?xml version="1.0" encoding="UTF-8"?>
<!-- Generated by org.testng.reporters.JUnitXMLReporter -->
<testsuite ignored="1" hostname="DESKTOP-BBHK0OG" failures="1" tests="7" name="Test" time="9.728" errors="0" timestamp="2025-03-06T13:34:10 IST">
  <testcase classname="TestNG_New.Annotation_demo" name="regression" time="2.028">
    <failure type="org.testng.internal.thread.ThreadTimeoutException" message="Method TestNG_New.Annotation_demo.regression() didn&amp;apos;t finish within the time-out 2000">
      <![CDATA[org.testng.internal.thread.ThreadTimeoutException: Method TestNG_New.Annotation_demo.regression() didn't finish within the time-out 2000
at java.base/java.lang.Thread.sleep0(Native Method)
at java.base/java.lang.Thread.sleep(Thread.java:509)
at TestNG_New.Annotation_demo.regression(Annotation_demo.java:43)
at java.base/java.util.concurrent.FutureTask.run(FutureTask.java:317)
at java.base/java.util.concurrent.ThreadPoolExecutor.runWorker(ThreadPoolExecutor.java:1144)
at java.base/java.util.concurrent.ThreadPoolExecutor$Worker.run(ThreadPoolExecutor.java:642)
at java.base/java.lang.Thread.run(Thread.java:1583)
... Removed 6 stack frames]]>
    </failure>
  </testcase> <!-- regression -->
  <testcase classname="TestNG_New.Annotation_demo" name="smoke" time="0.002"/>
  <testcase classname="TestNG_New.Annotation_demo" name="test1" time="0.003"/>
  <testcase classname="TestNG_New.Annotation_demo" name="test1" time="0.002"/>
  <testcase classname="TestNG_New.Annotation_demo" name="test1" time="0.005"/>
  <testcase classname="TestNG_New.TestNG_Demo" name="verifyfacebookisworking" time="0.4"/>
  <testcase classname="TestNG_New.TestNG_Demo" name="verifygoogleisworking" time="0.121"/>
  <testcase classname="TestNG_New.Annotation_demo" name="test2" time="0.0">
    <ignored/>
  </testcase> <!-- test2 -->
</testsuite> <!-- Test -->
