<?xml version="1.0" encoding="UTF-8"?>
<testng-results ignored="0" total="2" passed="2" failed="0" skipped="0">
  <reporter-output>
  </reporter-output>
  <suite started-at="2025-03-05T13:36:12 IST" name="Default suite" finished-at="2025-03-05T13:36:19 IST" duration-ms="6594">
    <groups>
    </groups>
    <test started-at="2025-03-05T13:36:12 IST" name="Default test" finished-at="2025-03-05T13:36:19 IST" duration-ms="6594">
      <class name="TestNG_New.TestNG_Demo">
        <test-method is-config="true" signature="setup()[pri:0, instance:TestNG_New.TestNG_Demo@1c7696c6]" started-at="2025-03-05T13:36:12 IST" name="setup" finished-at="2025-03-05T13:36:15 IST" duration-ms="3023" status="PASS">
          <reporter-output>
          </reporter-output>
        </test-method> <!-- setup -->
        <test-method signature="verifyfacebookisworking()[pri:1, instance:TestNG_New.TestNG_Demo@1c7696c6]" started-at="2025-03-05T13:36:15 IST" name="verifyfacebookisworking" finished-at="2025-03-05T13:36:15 IST" duration-ms="358" status="PASS">
          <reporter-output>
          </reporter-output>
        </test-method> <!-- verifyfacebookisworking -->
        <test-method is-config="true" signature="teardown()[pri:0, instance:TestNG_New.TestNG_Demo@1c7696c6]" started-at="2025-03-05T13:36:15 IST" name="teardown" finished-at="2025-03-05T13:36:16 IST" duration-ms="370" status="PASS">
          <reporter-output>
          </reporter-output>
        </test-method> <!-- teardown -->
        <test-method is-config="true" signature="setup()[pri:0, instance:TestNG_New.TestNG_Demo@1c7696c6]" started-at="2025-03-05T13:36:16 IST" name="setup" finished-at="2025-03-05T13:36:18 IST" duration-ms="2420" status="PASS">
          <reporter-output>
          </reporter-output>
        </test-method> <!-- setup -->
        <test-method signature="verifygoogleisworking()[pri:2, instance:TestNG_New.TestNG_Demo@1c7696c6]" started-at="2025-03-05T13:36:18 IST" name="verifygoogleisworking" finished-at="2025-03-05T13:36:18 IST" duration-ms="134" status="PASS">
          <reporter-output>
          </reporter-output>
        </test-method> <!-- verifygoogleisworking -->
        <test-method is-config="true" signature="teardown()[pri:0, instance:TestNG_New.TestNG_Demo@1c7696c6]" started-at="2025-03-05T13:36:18 IST" name="teardown" finished-at="2025-03-05T13:36:19 IST" duration-ms="229" status="PASS">
          <reporter-output>
          </reporter-output>
        </test-method> <!-- teardown -->
      </class> <!-- TestNG_New.TestNG_Demo -->
    </test> <!-- Default test -->
  </suite> <!-- Default suite -->
</testng-results>
