<?xml version="1.0" encoding="UTF-8"?>
<!-- Generated by org.testng.reporters.JUnitXMLReporter -->
<testsuite hostname="DESKTOP-BBHK0OG" failures="0" tests="3" name="GRP-Reg,Smoke" time="0.064" errors="0" timestamp="5 Feb 2025 04:46:57 GMT">
  <testcase classname="Testng_work_demo.Groups_testng" name="test" time="0.024"/>
  <testcase classname="Testng_work_demo.Groups_testng" name="test1" time="0.01"/>
  <testcase classname="Testng_work_demo.Groups_testng" name="test3" time="0.003"/>
</testsuite> <!-- GRP-Reg,Smoke -->
