<?xml version="1.0" encoding="UTF-8"?>
<!-- Generated by org.testng.reporters.JUnitXMLReporter -->
<testsuite ignored="2" hostname="DESKTOP-BBHK0OG" failures="0" tests="4" name="GRP-reg,uat,retesting" time="0.09" errors="0" timestamp="2025-04-17T15:53:22 IST">
  <testcase classname="TestNG_New.Groups1" name="regression" time="0.01"/>
  <testcase classname="TestNG_New.Groups1" name="regression1" time="0.002"/>
  <testcase classname="TestNG_New.Groups1" name="regression3" time="0.001"/>
  <testcase classname="TestNG_New.Groups1" name="uat" time="0.006"/>
  <testcase classname="TestNG_New.Groups1" name="smoke" time="0.0">
    <ignored/>
  </testcase> <!-- smoke -->
  <testcase classname="TestNG_New.Groups1" name="functional" time="0.0">
    <ignored/>
  </testcase> <!-- functional -->
</testsuite> <!-- GRP-reg,uat,retesting -->
