<?xml version="1.0" encoding="UTF-8"?>
<!-- Generated by org.testng.reporters.JUnitXMLReporter -->
<testsuite ignored="5" hostname="DESKTOP-BBHK0OG" failures="0" tests="1" name="GRP-uat" time="0.088" errors="0" timestamp="2025-04-17T15:49:42 IST">
  <testcase classname="TestNG_New.Groups1" name="uat" time="0.017"/>
  <testcase classname="TestNG_New.Groups1" name="smoke" time="0.0">
    <ignored/>
  </testcase> <!-- smoke -->
  <testcase classname="TestNG_New.Groups1" name="regression3" time="0.0">
    <ignored/>
  </testcase> <!-- regression3 -->
  <testcase classname="TestNG_New.Groups1" name="regression1" time="0.0">
    <ignored/>
  </testcase> <!-- regression1 -->
  <testcase classname="TestNG_New.Groups1" name="functional" time="0.0">
    <ignored/>
  </testcase> <!-- functional -->
  <testcase classname="TestNG_New.Groups1" name="regression" time="0.0">
    <ignored/>
  </testcase> <!-- regression -->
</testsuite> <!-- GRP-uat -->
