<?xml version="1.0" encoding="UTF-8"?>
<!-- Generated by org.testng.reporters.JUnitXMLReporter -->
<testsuite ignored="7" hostname="DESKTOP-BBHK0OG" failures="0" tests="3" name="GRP-Reg,uat" time="0.108" errors="0" timestamp="2025-04-17T15:51:42 IST">
  <testcase classname="TestNG_New.Groups1" name="uat" time="0.014"/>
  <testcase classname="Testng_work_demo.Groups_testng" name="test" time="0.006"/>
  <testcase classname="Testng_work_demo.Groups_testng" name="test1" time="0.002"/>
  <testcase classname="TestNG_New.Groups1" name="smoke" time="0.0">
    <ignored/>
  </testcase> <!-- smoke -->
  <testcase classname="TestNG_New.Groups1" name="regression1" time="0.0">
    <ignored/>
  </testcase> <!-- regression1 -->
  <testcase classname="Testng_work_demo.Groups_testng" name="test2" time="0.0">
    <ignored/>
  </testcase> <!-- test2 -->
  <testcase classname="Testng_work_demo.Groups_testng" name="test3" time="0.0">
    <ignored/>
  </testcase> <!-- test3 -->
  <testcase classname="TestNG_New.Groups1" name="functional" time="0.0">
    <ignored/>
  </testcase> <!-- functional -->
  <testcase classname="TestNG_New.Groups1" name="regression" time="0.0">
    <ignored/>
  </testcase> <!-- regression -->
  <testcase classname="TestNG_New.Groups1" name="regression3" time="0.0">
    <ignored/>
  </testcase> <!-- regression3 -->
</testsuite> <!-- GRP-Reg,uat -->
